2026-06-22 13:04:13,296 [INFO] Iniciando Fase de Extraccion de Fuentes Secundarias...
2026-06-22 13:04:13,296 [INFO] Conectando a la API REST: https://jsonplaceholder.typicode.com/users
2026-06-22 13:04:13,869 [INFO] Fuente 2 (API) extraida y guardada en: data\raw\medicos_api.csv
2026-06-22 13:04:13,869 [INFO] Inicializando Base de Datos SQL en: data\raw\clinica_local.db
2026-06-22 13:04:13,873 [INFO] Fuente 3 (SQL DB) creada y poblada con exito.
2026-06-22 13:04:13,873 [INFO] Extraccion complementaria finalizada exitosamente.
2026-06-22 13:05:53,448 [INFO] Iniciando fase de transformacion e integracion...
2026-06-22 13:05:53,450 [INFO] Cargando archivos base NHANES...
2026-06-22 13:05:53,451 [ERROR] Error critico en la fase de transformacion: Header record is not an XPORT file.
2026-06-22 13:10:05,413 [INFO] Iniciando fase de transformacion e integracion...
2026-06-22 13:10:05,413 [INFO] Cargando archivos base NHANES...
2026-06-22 13:10:05,452 [INFO] Consultando catalogo de clasificacion desde Base de Datos SQL...
2026-06-22 13:10:06,109 [INFO] Iniciando validacion de esquemas y consistencia de datos...
2026-06-22 13:10:06,110 [INFO] Validacion de esquemas completada exitosamente.
2026-06-22 13:10:06,143 [INFO] Proceso ETL finalizado con exito. Archivo maestro guardado en: data\processed\pacientes_final.csv
2026-07-03 21:09:19,340 [INFO] Iniciando pipeline de transformación avanzada para ML...
2026-07-03 21:09:19,341 [WARNING] Archivo XPT no encontrado. Generando dataset de simulación robusta...
2026-07-03 21:09:19,349 [INFO] Aplicando técnicas de imputación estadística...
2026-07-03 21:09:19,356 [INFO] Calculando métricas mediante vectorización...
2026-07-03 21:09:19,357 [INFO] Generando tablas resumen complejas (Pivot)...
2026-07-03 21:09:19,369 [INFO] 
Resumen Epidemiológico (Pivot Table):
clasificacion_imc  Bajo Peso  ...  Sobrepeso
genero                        ...           
Femenino                  23  ...        141
Masculino                 30  ...        149

[2 rows x 5 columns]
2026-07-03 21:09:19,375 [INFO] Dataset maestro guardado exitosamente en: data\processed\pacientes_ml.csv
